{
  "RSpec": {
    "coverage": {
      "/Users/johnnapier/sesac_takehome/bot_saves_princess/lib/bot_1/grid.rb": {
        "lines": [
          1,
          1,
          null,
          null,
          null,
          null,
          null,
          1,
          18,
          18,
          18,
          18,
          null,
          null,
          null,
          null,
          1,
          40,
          null,
          40,
          144,
          40,
          40,
          null,
          null,
          40,
          null,
          null
        ]
      },
      "/Users/johnnapier/sesac_takehome/bot_saves_princess/lib/bot_1/bot_saves_princess.rb": {
        "lines": [
          1,
          null,
          1,
          1,
          null,
          1,
          9,
          9,
          9,
          null,
          null,
          null,
          1,
          7,
          7,
          null,
          7,
          null,
          null,
          null,
          1,
          4,
          null,
          4,
          null,
          4,
          4,
          null,
          4,
          null,
          null
        ]
      },
      "/Users/johnnapier/sesac_takehome/bot_saves_princess/spec/bot_1_spec/game_play_spec.rb": {
        "lines": [
          1,
          1,
          null,
          1,
          1,
          3,
          null,
          1,
          1,
          null,
          null,
          1,
          1,
          null,
          null,
          null,
          1,
          3,
          null,
          1,
          1,
          null,
          null,
          1,
          1,
          null,
          null,
          null,
          1,
          5,
          null,
          1,
          1,
          null,
          1,
          1,
          null,
          1,
          1,
          null,
          1,
          1,
          null,
          null,
          null
        ]
      },
      "/Users/johnnapier/sesac_takehome/bot_saves_princess/lib/bot_1/game_play.rb": {
        "lines": [
          1,
          1,
          null,
          1,
          1,
          0,
          0,
          0,
          0,
          null,
          0,
          0,
          0,
          null,
          null,
          0,
          0,
          null,
          0,
          0,
          0,
          0,
          0,
          null,
          0,
          null,
          0,
          0,
          0,
          null,
          null,
          0,
          null,
          0,
          0,
          null,
          0,
          0,
          0,
          0,
          0,
          0,
          null,
          null,
          null,
          1,
          2,
          2,
          null,
          null,
          null,
          1,
          2,
          2,
          2,
          null,
          null,
          null,
          1,
          4,
          1,
          3,
          1,
          2,
          1,
          null,
          1,
          null,
          4,
          null,
          null
        ]
      },
      "/Users/johnnapier/sesac_takehome/bot_saves_princess/spec/bot_1_spec/grid_spec.rb": {
        "lines": [
          1,
          1,
          null,
          1,
          1,
          6,
          null,
          1,
          1,
          null,
          null,
          1,
          1,
          null,
          null,
          1,
          1,
          null,
          null,
          1,
          1,
          null,
          null,
          1,
          1,
          null,
          null,
          null,
          1,
          3,
          3,
          null,
          1,
          1,
          null,
          null,
          1,
          1,
          null,
          null,
          1,
          1,
          null,
          null,
          1,
          1,
          null,
          null,
          null
        ]
      },
      "/Users/johnnapier/sesac_takehome/bot_saves_princess/spec/bot_2_spec/bot_saves_princess_2_spec.rb": {
        "lines": [
          1,
          1,
          1,
          null,
          1,
          1,
          3,
          3,
          null,
          1,
          1,
          null,
          null,
          1,
          1,
          null,
          null,
          null,
          1,
          2,
          2,
          2,
          2,
          null,
          null,
          1,
          1,
          null,
          null,
          1,
          1,
          null,
          null,
          null,
          1,
          2,
          2,
          2,
          2,
          null,
          1,
          1,
          null,
          null,
          1,
          1,
          null,
          null,
          null,
          1,
          2,
          2,
          2,
          2,
          null,
          1,
          1,
          null,
          null,
          1,
          1,
          null,
          null,
          null
        ]
      },
      "/Users/johnnapier/sesac_takehome/bot_saves_princess/lib/bot_2/grid_2.rb": {
        "lines": [
          1,
          1,
          null,
          null,
          null,
          null,
          1,
          14,
          14,
          14,
          14,
          null,
          null,
          null,
          null,
          1,
          15,
          null,
          15,
          81,
          15,
          15,
          null,
          null,
          15,
          null,
          null
        ]
      },
      "/Users/johnnapier/sesac_takehome/bot_saves_princess/lib/bot_2/bot_saves_princess_2.rb": {
        "lines": [
          1,
          null,
          1,
          1,
          null,
          1,
          8,
          8,
          8,
          null,
          null,
          null,
          1,
          6,
          6,
          null,
          6,
          null,
          null,
          null,
          1,
          4,
          null,
          4,
          null,
          4,
          4,
          null,
          4,
          null,
          null,
          1,
          2,
          2,
          null,
          null
        ]
      },
      "/Users/johnnapier/sesac_takehome/bot_saves_princess/spec/bot_2_spec/game_play_2_spec.rb": {
        "lines": [
          1,
          1,
          null,
          1,
          1,
          3,
          null,
          1,
          1,
          null,
          null,
          1,
          1,
          null,
          null,
          null,
          1,
          2,
          null,
          1,
          1,
          null,
          null,
          null,
          1,
          2,
          null,
          1,
          1,
          null,
          null,
          null
        ]
      },
      "/Users/johnnapier/sesac_takehome/bot_saves_princess/lib/bot_2/game_play_2.rb": {
        "lines": [
          1,
          1,
          null,
          1,
          1,
          0,
          0,
          null,
          0,
          0,
          0,
          0,
          0,
          null,
          null,
          0,
          0,
          0,
          0,
          0,
          0,
          null,
          null,
          0,
          0,
          0,
          0,
          0,
          0,
          null,
          null,
          0,
          0,
          0,
          0,
          0,
          0,
          0,
          null,
          null,
          0,
          0,
          0,
          0,
          0,
          0,
          null,
          null,
          0,
          0,
          0,
          null,
          0,
          0,
          null,
          0,
          0,
          0,
          0,
          0,
          0,
          null,
          null,
          null,
          1,
          2,
          2,
          null,
          null,
          1,
          1,
          1,
          1,
          null,
          null,
          1,
          1,
          1,
          1,
          null,
          null
        ]
      },
      "/Users/johnnapier/sesac_takehome/bot_saves_princess/spec/bot_2_spec/grid_2_spec.rb": {
        "lines": [
          1,
          1,
          null,
          1,
          1,
          6,
          null,
          1,
          1,
          null,
          null,
          1,
          1,
          null,
          null,
          1,
          1,
          null,
          null,
          1,
          1,
          null,
          null,
          1,
          1,
          null,
          null,
          null,
          1,
          2,
          null,
          1,
          1,
          null,
          null,
          null
        ]
      }
    },
    "timestamp": 1715621919
  }
}
